0 info it worked if it ends with ok
1 verbose cli [ '/usr/local/bin/node',
1 verbose cli   '/usr/local/lib/node_modules/cnpm/node_modules/.bin/npm',
1 verbose cli   '--userconfig=/Users/mac/.cnpmrc',
1 verbose cli   '--disturl=https://npm.taobao.org/mirrors/node',
1 verbose cli   '--registry=https://registry.npm.taobao.org',
1 verbose cli   'run',
1 verbose cli   'all' ]
2 info using npm@3.10.10
3 info using node@v8.7.0
4 verbose run-script [ 'preall', 'all', 'postall' ]
5 info lifecycle @~preall: @
6 silly lifecycle @~preall: no script for preall, continuing
7 info lifecycle @~all: @
8 verbose lifecycle @~all: unsafe-perm in lifecycle true
9 verbose lifecycle @~all: PATH: /usr/local/lib/node_modules/cnpm/node_modules/npm/bin/node-gyp-bin:/Users/mac/web/laravel/node_modules/.bin:/Users/mac/bin/Sencha/Cmd:/usr/local/sbin:/usr/local/bin:/usr/bin:/bin:/usr/sbin:/sbin:/Users/mac/.composer/vendor/bin/:/usr/local/mongodb/bin
10 verbose lifecycle @~all: CWD: /Users/mac/web/laravel
11 silly lifecycle @~all: Args: [ '-c', 'npm run whole' ]
12 silly lifecycle @~all: Returned: code: 2  signal: null
13 info lifecycle @~all: Failed to exec all script
14 verbose stack Error: @ all: `npm run whole`
14 verbose stack Exit status 2
14 verbose stack     at EventEmitter.<anonymous> (/usr/local/lib/node_modules/cnpm/node_modules/npm/lib/utils/lifecycle.js:255:16)
14 verbose stack     at emitTwo (events.js:125:13)
14 verbose stack     at EventEmitter.emit (events.js:213:7)
14 verbose stack     at ChildProcess.<anonymous> (/usr/local/lib/node_modules/cnpm/node_modules/npm/lib/utils/spawn.js:40:14)
14 verbose stack     at emitTwo (events.js:125:13)
14 verbose stack     at ChildProcess.emit (events.js:213:7)
14 verbose stack     at maybeClose (internal/child_process.js:927:16)
14 verbose stack     at Process.ChildProcess._handle.onexit (internal/child_process.js:211:5)
15 verbose pkgid @
16 verbose cwd /Users/mac/web/laravel/tools
17 error Darwin 16.7.0
18 error argv "/usr/local/bin/node" "/usr/local/lib/node_modules/cnpm/node_modules/.bin/npm" "--userconfig=/Users/mac/.cnpmrc" "--disturl=https://npm.taobao.org/mirrors/node" "--registry=https://registry.npm.taobao.org" "run" "all"
19 error node v8.7.0
20 error npm  v3.10.10
21 error code ELIFECYCLE
22 error @ all: `npm run whole`
22 error Exit status 2
23 error Failed at the @ all script 'npm run whole'.
23 error Make sure you have the latest version of node.js and npm installed.
23 error If you do, this is most likely a problem with the  package,
23 error not with npm itself.
23 error Tell the author that this fails on your system:
23 error     npm run whole
23 error You can get information on how to open an issue for this project with:
23 error     npm bugs
23 error Or if that isn't available, you can get their info via:
23 error     npm owner ls
23 error There is likely additional logging output above.
24 verbose exit [ 1, true ]
